logfile: pair1_2023-04-24_11-57.log
Game started at: 2023-04-24_11-57

Logfolder named 'log_files' found
Moved ./pair1_2023-04-24_11-06.log to log_files/
Welcome to PAIRS. Your mission is to identify matching letters in the grid.
Good luck. If you give up at any point, just use q to quit.

The uncovered table:

     1    2    3    4
1:  [A]  [D]  [D]  [B] 
2:  [G]  [F]  [H]  [E] 
3:  [A]  [G]  [C]  [F] 
4:  [B]  [H]  [E]  [C] 

1. move: (1,1)=-A, (1,2)=-D [slot1=1,1, slot2=1,2]
2. move: (1,3)=-D, (1,4)=-B [slot1=1,3, slot2=1,4]
3. move: (1,2)=-D, (1,3)=-D [slot1=1,2, slot2=1,3]
4. move: (2,1)=-G, (2,2)=-F [slot1=2,1, slot2=2,2]
5. move: (2,3)=-H, (2,4)=-E [slot1=2,3, slot2=2,4]
6. move: (3,1)=-A, (3,2)=-G [slot1=3,1, slot2=3,2]
7. move: (1,1)=-A, (3,1)=-A [slot1=1,1, slot2=3,1]
8. move: (2,1)=-G, (3,2)=-G [slot1=2,1, slot2=3,2]
9. move: (3,3)=-C, (3,4)=-F [slot1=3,3, slot2=3,4]
10. move: (2,2)=-F, (3,4)=-F [slot1=2,2, slot2=3,4]
11. move: (4,1)=-B, (4,2)=-H [slot1=4,1, slot2=4,2]
12. move: (4,1)=-B, (1,4)=-B [slot1=4,1, slot2=1,4]
13. move: (2,3)=-H, (4,2)=-H [slot1=2,3, slot2=4,2]
14. move: (4,3)=-E, (2,4)=-E [slot1=4,3, slot2=2,4]
15. move: (3,3)=-C, (4,4)=-C [slot1=3,3, slot2=4,4]

Congratulations! You uncovered all the pairs in 15 attempts.
Game ended at 2023-04-24_12-00
