Moved ./pair1_2023-04-24_10-18.log to log_files/
The uncovered table:

     1    2    3
1:  [C]  [D]  [E] 
2:  [F]  [A]  [E] 
3:  [D]  [F]  [B] 
4:  [A]  [C]  [B] 

1. move: (1,1)=-C, (1,2)=-D [slot1=1,1, slot2=1,2]
2. move: (1,3)=-E, (2,1)=-F [slot1=1,3, slot2=2,1]
3. move: (2,2)=-A, (2,3)=-E [slot1=2,2, slot2=2,3]
4. move: (1,3)=-E, (2,3)=-E [slot1=1,3, slot2=2,3]
5. move: (3,1)=-D, (3,2)=-F [slot1=3,1, slot2=3,2]
6. move: (2,1)=-F, (3,2)=-F [slot1=2,1, slot2=3,2]
7. move: (1,2)=-D, (3,1)=-D [slot1=1,2, slot2=3,1]
8. move: (1,3)=EE, (4,1)=-A [slot1=1,3, slot2=4,1]
9. move: (2,2)=-A, (4,1)=-A [slot1=2,2, slot2=4,1]
10. move: (1,1)=-C, (4,3)=-B [slot1=1,1, slot2=4,3]
11. move: (1,1)=-C, (3,3)=-B [slot1=1,1, slot2=3,3]
12. move: (3,3)=-B, (4,3)=-B [slot1=3,3, slot2=4,3]
13. move: (1,1)=-C, (4,2)=-C [slot1=1,1, slot2=4,2]
Game ended at 2023-04-24_10-28
