logfile: pair1_2023-04-24_10-49.log
Game started at: 2023-04-24_10-49

Logfolder named 'log_files' found
Moved ./pair1_2023-04-24_10-34.log to log_files/
The uncovered table:

     1    2    3    4
1:  [D]  [H]  [A]  [A] 
2:  [E]  [G]  [C]  [B] 
3:  [C]  [F]  [D]  [E] 
4:  [G]  [B]  [F]  [H] 

1. move: (1,1)=-D, (1,2)=-H [slot1=1,1, slot2=1,2]
2. move: (1,3)=-A, (1,4)=-A [slot1=1,3, slot2=1,4]
3. move: (2,1)=-E, (2,2)=-G [slot1=2,1, slot2=2,2]
4. move: (2,3)=-C, (2,4)=-B [slot1=2,3, slot2=2,4]
5. move: (3,1)=-C, (3,2)=-F [slot1=3,1, slot2=3,2]
6. move: (2,1)=-E, (3,1)=-C [slot1=2,1, slot2=3,1]
7. move: (2,3)=-C, (3,1)=-C [slot1=2,3, slot2=3,1]
8. move: (3,3)=-D, (3,4)=-E [slot1=3,3, slot2=3,4]
9. move: (1,1)=-D, (3,3)=-D [slot1=1,1, slot2=3,3]
10. move: (4,1)=-G, (4,2)=-B [slot1=4,1, slot2=4,2]
11. move: (4,2)=-B, (2,4)=-B [slot1=4,2, slot2=2,4]
12. move: (4,3)=-F, (4,4)=-H [slot1=4,3, slot2=4,4]
13. move: (4,3)=-F, (4,4)=-H [slot1=4,3, slot2=4,4]
14. move: (1,2)=-H, (4,4)=-H [slot1=1,2, slot2=4,4]
15. move: (2,1)=-E, (4,1)=-G [slot1=2,1, slot2=4,1]
16. move: (2,2)=-G, (3,2)=-F [slot1=2,2, slot2=3,2]
17. move: (2,2)=-G, (4,1)=-G [slot1=2,2, slot2=4,1]
18. move: (3,2)=-F, (4,3)=-F [slot1=3,2, slot2=4,3]
19. move: (2,1)=-E, (3,4)=-E [slot1=2,1, slot2=3,4]
Game ended at 2023-04-24_10-53
