Game started at: 2023-04-24_10-16

The uncovered table:

     1    2    3
1:  [E]  [D]  [B] 
2:  [D]  [A]  [B] 
3:  [A]  [F]  [C] 
4:  [E]  [C]  [F] 


Game ended at 2023-04-24_10-16
Game started at: 2023-04-24_10-16

The uncovered table:

     1    2    3
1:  [F]  [D]  [E] 
2:  [B]  [D]  [A] 
3:  [E]  [B]  [C] 
4:  [A]  [F]  [C] 


Game ended at 2023-04-24_10-16
Game started at: 2023-04-24_10-16

The uncovered table:

     1    2    3
1:  [C]  [E]  [F] 
2:  [B]  [E]  [C] 
3:  [A]  [A]  [D] 
4:  [D]  [F]  [B] 


Game ended at 2023-04-24_10-18
