logfile: pair1_2023-04-24_11-06.log
Game started at: 2023-04-24_11-06

Logfolder named 'log_files' found
Moved ./pair1_2023-04-24_11-00.log to log_files/
Welcome to PAIRS. Your mission is to identify matching letters in the grid.
Good luck. If you give up at any point, just use q to quit.

The uncovered table:

     1    2    3    4
1:  [D]  [A]  [B]  [C] 
2:  [C]  [G]  [E]  [B] 
3:  [G]  [D]  [F]  [H] 
4:  [A]  [H]  [F]  [E] 

1. move: (1,1)=-D, (1,2)=-A [slot1=1,1, slot2=1,2]
2. move: (1,3)=-B, (1,4)=-C [slot1=1,3, slot2=1,4]
3. move: (2,1)=-C, (2,2)=-G [slot1=2,1, slot2=2,2]
4. move: (2,1)=-C, (1,4)=-C [slot1=2,1, slot2=1,4]
5. move: (1,3)=-B, (1,4)=CC [slot1=1,3, slot2=1,4]
6. move: (2,3)=-E, (2,4)=-B [slot1=2,3, slot2=2,4]
7. move: (1,3)=-B, (2,4)=-B [slot1=1,3, slot2=2,4]
8. move: (2,2)=-G, (2,3)=-E [slot1=2,2, slot2=2,3]
9. move: (3,1)=-G, (3,2)=-D [slot1=3,1, slot2=3,2]
10. move: (2,2)=-G, (3,1)=-G [slot1=2,2, slot2=3,1]
11. move: (1,1)=-D, (3,2)=-D [slot1=1,1, slot2=3,2]
12. move: (2,3)=-E, (3,3)=-F [slot1=2,3, slot2=3,3]
13. move: (3,3)=-F, (3,4)=-H [slot1=3,3, slot2=3,4]
14. move: (4,1)=-A, (4,2)=-H [slot1=4,1, slot2=4,2]
15. move: (4,1)=-A, (1,2)=-A [slot1=4,1, slot2=1,2]
16. move: (4,3)=-F, (4,4)=-E [slot1=4,3, slot2=4,4]
17. move: (3,3)=-F, (4,3)=-F [slot1=3,3, slot2=4,3]
18. move: (2,3)=-E, (4,3)=FF [slot1=2,3, slot2=4,3]
19. move: (2,3)=-E, (4,4)=-E [slot1=2,3, slot2=4,4]
20. move: (4,4)=EE, (3,4)=-H [slot1=4,4,2, slot2=3,4]
21. move: (4,2)=-H, (3,4)=-H [slot1=4,2, slot2=3,4]
Congratulations! You uncovered all the pairs in 21 attempts.
Game ended at 2023-04-24_11-10
